This file contains any messages produced by compilers while
running configure, to aid debugging if configure makes a mistake.

It was created by gcode_analyze configure 0.0.1, which was
generated by GNU Autoconf 2.69.  Invocation command line was

  $ ./configure --no-create --no-recursion

## --------- ##
## Platform. ##
## --------- ##

hostname = AV-PC92
uname -m = x86_64
uname -r = 2.6.0(0.304/5/3)
uname -s = CYGWIN_NT-6.1
uname -v = 2016-08-31 14:32

/usr/bin/uname -p = unknown
/bin/uname -X     = unknown

/bin/arch              = x86_64
/usr/bin/arch -k       = unknown
/usr/convex/getsysinfo = unknown
/usr/bin/hostinfo      = unknown
/bin/machine           = unknown
/usr/bin/oslevel       = unknown
/bin/universe          = unknown

PATH: /usr/local/bin
PATH: /usr/bin
PATH: /cygdrive/c/ProgramData/Oracle/Java/javapath
PATH: /cygdrive/c/Program Files (x86)/Intel/iCLS Client
PATH: /cygdrive/c/Program Files/Intel/iCLS Client
PATH: /cygdrive/c/Windows/system32
PATH: /cygdrive/c/Windows
PATH: /cygdrive/c/Windows/System32/Wbem
PATH: /cygdrive/c/Windows/System32/WindowsPowerShell/v1.0
PATH: /cygdrive/c/Program Files (x86)/Intel/Intel(R) Management Engine Components/DAL
PATH: /cygdrive/c/Program Files/Intel/Intel(R) Management Engine Components/DAL
PATH: /cygdrive/c/Program Files (x86)/Intel/Intel(R) Management Engine Components/IPT
PATH: /cygdrive/c/Program Files/Intel/Intel(R) Management Engine Components/IPT
PATH: /cygdrive/c/Program Files (x86)/Skype/Phone
PATH: /cygdrive/c/Program Files/nodejs
PATH: /cygdrive/c/Users/m.hartman/AppData/Roaming/npm
PATH: /cygdrive/c/Python27
PATH: /usr/lib/lapack


## ----------- ##
## Core tests. ##
## ----------- ##

configure:2242: checking for a BSD-compatible install
configure:2310: result: /usr/bin/install -c
configure:2321: checking whether build environment is sane
configure:2376: result: yes
configure:2527: checking for a thread-safe mkdir -p
configure:2566: result: /usr/bin/mkdir -p
configure:2573: checking for gawk
configure:2589: found /usr/bin/gawk
configure:2600: result: gawk
configure:2611: checking whether make sets $(MAKE)
configure:2633: result: yes
configure:2662: checking whether make supports nested variables
configure:2679: result: yes
configure:2857: checking for gcc
configure:2873: found /usr/bin/gcc
configure:2884: result: gcc
configure:3113: checking for C compiler version
configure:3122: gcc --version >&5
gcc (GCC) 5.4.0
Copyright (C) 2015 Free Software Foundation, Inc.
This is free software; see the source for copying conditions.  There is NO
warranty; not even for MERCHANTABILITY or FITNESS FOR A PARTICULAR PURPOSE.

configure:3133: $? = 0
configure:3122: gcc -v >&5
Using built-in specs.
COLLECT_GCC=gcc
COLLECT_LTO_WRAPPER=/usr/lib/gcc/x86_64-pc-cygwin/5.4.0/lto-wrapper.exe
Target: x86_64-pc-cygwin
Configured with: /cygdrive/i/szsz/tmpp/gcc/gcc-5.4.0-1.x86_64/src/gcc-5.4.0/configure --srcdir=/cygdrive/i/szsz/tmpp/gcc/gcc-5.4.0-1.x86_64/src/gcc-5.4.0 --prefix=/usr --exec-prefix=/usr --localstatedir=/var --sysconfdir=/etc --docdir=/usr/share/doc/gcc --htmldir=/usr/share/doc/gcc/html -C --build=x86_64-pc-cygwin --host=x86_64-pc-cygwin --target=x86_64-pc-cygwin --without-libiconv-prefix --without-libintl-prefix --libexecdir=/usr/lib --enable-shared --enable-shared-libgcc --enable-static --enable-version-specific-runtime-libs --enable-bootstrap --enable-__cxa_atexit --with-dwarf2 --with-tune=generic --enable-languages=ada,c,c++,fortran,lto,objc,obj-c++ --enable-graphite --enable-threads=posix --enable-libatomic --enable-libcilkrts --enable-libgomp --enable-libitm --enable-libquadmath --enable-libquadmath-support --enable-libssp --enable-libada --enable-libgcj-sublibs --disable-java-awt --disable-symvers --with-ecj-jar=/usr/share/java/ecj.jar --with-gnu-ld --with-gnu-as --with-cloog-include=/usr/include/cloog-isl --without-libiconv-prefix --without-libintl-prefix --with-system-zlib --enable-linker-build-id --with-default-libstdcxx-abi=gcc4-compatible
Thread model: posix
gcc version 5.4.0 (GCC) 
configure:3133: $? = 0
configure:3122: gcc -V >&5
gcc: error: unrecognized command line option '-V'
gcc: fatal error: no input files
compilation terminated.
configure:3133: $? = 1
configure:3122: gcc -qversion >&5
gcc: error: unrecognized command line option '-qversion'
gcc: fatal error: no input files
compilation terminated.
configure:3133: $? = 1
configure:3153: checking whether the C compiler works
configure:3175: gcc    conftest.c  >&5
configure:3179: $? = 0
configure:3227: result: yes
configure:3230: checking for C compiler default output file name
configure:3232: result: a.exe
configure:3238: checking for suffix of executables
configure:3245: gcc -o conftest.exe    conftest.c  >&5
configure:3249: $? = 0
configure:3271: result: .exe
configure:3293: checking whether we are cross compiling
configure:3301: gcc -o conftest.exe    conftest.c  >&5
configure:3305: $? = 0
configure:3312: ./conftest.exe
configure:3316: $? = 0
configure:3331: result: no
configure:3336: checking for suffix of object files
configure:3358: gcc -c   conftest.c >&5
configure:3362: $? = 0
configure:3383: result: o
configure:3387: checking whether we are using the GNU C compiler
configure:3406: gcc -c   conftest.c >&5
configure:3406: $? = 0
configure:3415: result: yes
configure:3424: checking whether gcc accepts -g
configure:3444: gcc -c -g  conftest.c >&5
configure:3444: $? = 0
configure:3485: result: yes
configure:3502: checking for gcc option to accept ISO C89
configure:3565: gcc  -c -g -O2  conftest.c >&5
configure:3565: $? = 0
configure:3578: result: none needed
configure:3603: checking whether gcc understands -c and -o together
configure:3625: gcc -c conftest.c -o conftest2.o
configure:3628: $? = 0
configure:3625: gcc -c conftest.c -o conftest2.o
configure:3628: $? = 0
configure:3640: result: yes
configure:3668: checking for style of include used by make
configure:3696: result: GNU
configure:3722: checking dependency style of gcc
configure:3833: result: gcc3
configure:3858: checking how to run the C preprocessor
configure:3889: gcc -E  conftest.c
configure:3889: $? = 0
configure:3903: gcc -E  conftest.c
conftest.c:11:28: fatal error: ac_nonexistent.h: No such file or directory
compilation terminated.
configure:3903: $? = 1
configure: failed program was:
| /* confdefs.h */
| #define PACKAGE_NAME "gcode_analyze"
| #define PACKAGE_TARNAME "gcode_analyze"
| #define PACKAGE_VERSION "0.0.1"
| #define PACKAGE_STRING "gcode_analyze 0.0.1"
| #define PACKAGE_BUGREPORT "m.hartman@lpfrg.com"
| #define PACKAGE_URL ""
| #define PACKAGE "gcode_analyze"
| #define VERSION "0.0.1"
| /* end confdefs.h.  */
| #include <ac_nonexistent.h>
configure:3928: result: gcc -E
configure:3948: gcc -E  conftest.c
configure:3948: $? = 0
configure:3962: gcc -E  conftest.c
conftest.c:11:28: fatal error: ac_nonexistent.h: No such file or directory
compilation terminated.
configure:3962: $? = 1
configure: failed program was:
| /* confdefs.h */
| #define PACKAGE_NAME "gcode_analyze"
| #define PACKAGE_TARNAME "gcode_analyze"
| #define PACKAGE_VERSION "0.0.1"
| #define PACKAGE_STRING "gcode_analyze 0.0.1"
| #define PACKAGE_BUGREPORT "m.hartman@lpfrg.com"
| #define PACKAGE_URL ""
| #define PACKAGE "gcode_analyze"
| #define VERSION "0.0.1"
| /* end confdefs.h.  */
| #include <ac_nonexistent.h>
configure:3991: checking for grep that handles long lines and -e
configure:4049: result: /usr/bin/grep
configure:4054: checking for egrep
configure:4116: result: /usr/bin/grep -E
configure:4121: checking for ANSI C header files
configure:4141: gcc -c -g -O2  conftest.c >&5
configure:4141: $? = 0
configure:4214: gcc -o conftest.exe -g -O2   conftest.c  >&5
configure:4214: $? = 0
configure:4214: ./conftest.exe
configure:4214: $? = 0
configure:4225: result: yes
configure:4238: checking for sys/types.h
configure:4238: gcc -c -g -O2  conftest.c >&5
configure:4238: $? = 0
configure:4238: result: yes
configure:4238: checking for sys/stat.h
configure:4238: gcc -c -g -O2  conftest.c >&5
configure:4238: $? = 0
configure:4238: result: yes
configure:4238: checking for stdlib.h
configure:4238: gcc -c -g -O2  conftest.c >&5
configure:4238: $? = 0
configure:4238: result: yes
configure:4238: checking for string.h
configure:4238: gcc -c -g -O2  conftest.c >&5
configure:4238: $? = 0
configure:4238: result: yes
configure:4238: checking for memory.h
configure:4238: gcc -c -g -O2  conftest.c >&5
configure:4238: $? = 0
configure:4238: result: yes
configure:4238: checking for strings.h
configure:4238: gcc -c -g -O2  conftest.c >&5
configure:4238: $? = 0
configure:4238: result: yes
configure:4238: checking for inttypes.h
configure:4238: gcc -c -g -O2  conftest.c >&5
configure:4238: $? = 0
configure:4238: result: yes
configure:4238: checking for stdint.h
configure:4238: gcc -c -g -O2  conftest.c >&5
configure:4238: $? = 0
configure:4238: result: yes
configure:4238: checking for unistd.h
configure:4238: gcc -c -g -O2  conftest.c >&5
configure:4238: $? = 0
configure:4238: result: yes
configure:4253: checking for stdlib.h
configure:4253: result: yes
configure:4253: checking for string.h
configure:4253: result: yes
configure:4265: checking for stdbool.h that conforms to C99
configure:4332: gcc -c -g -O2  conftest.c >&5
configure:4332: $? = 0
configure:4339: result: yes
configure:4341: checking for _Bool
configure:4341: gcc -c -g -O2  conftest.c >&5
configure:4341: $? = 0
configure:4341: gcc -c -g -O2  conftest.c >&5
conftest.c: In function 'main':
conftest.c:59:20: error: expected expression before ')' token
 if (sizeof ((_Bool)))
                    ^
configure:4341: $? = 1
configure: failed program was:
| /* confdefs.h */
| #define PACKAGE_NAME "gcode_analyze"
| #define PACKAGE_TARNAME "gcode_analyze"
| #define PACKAGE_VERSION "0.0.1"
| #define PACKAGE_STRING "gcode_analyze 0.0.1"
| #define PACKAGE_BUGREPORT "m.hartman@lpfrg.com"
| #define PACKAGE_URL ""
| #define PACKAGE "gcode_analyze"
| #define VERSION "0.0.1"
| #define STDC_HEADERS 1
| #define HAVE_SYS_TYPES_H 1
| #define HAVE_SYS_STAT_H 1
| #define HAVE_STDLIB_H 1
| #define HAVE_STRING_H 1
| #define HAVE_MEMORY_H 1
| #define HAVE_STRINGS_H 1
| #define HAVE_INTTYPES_H 1
| #define HAVE_STDINT_H 1
| #define HAVE_UNISTD_H 1
| #define HAVE_STDLIB_H 1
| #define HAVE_STRING_H 1
| /* end confdefs.h.  */
| #include <stdio.h>
| #ifdef HAVE_SYS_TYPES_H
| # include <sys/types.h>
| #endif
| #ifdef HAVE_SYS_STAT_H
| # include <sys/stat.h>
| #endif
| #ifdef STDC_HEADERS
| # include <stdlib.h>
| # include <stddef.h>
| #else
| # ifdef HAVE_STDLIB_H
| #  include <stdlib.h>
| # endif
| #endif
| #ifdef HAVE_STRING_H
| # if !defined STDC_HEADERS && defined HAVE_MEMORY_H
| #  include <memory.h>
| # endif
| # include <string.h>
| #endif
| #ifdef HAVE_STRINGS_H
| # include <strings.h>
| #endif
| #ifdef HAVE_INTTYPES_H
| # include <inttypes.h>
| #endif
| #ifdef HAVE_STDINT_H
| # include <stdint.h>
| #endif
| #ifdef HAVE_UNISTD_H
| # include <unistd.h>
| #endif
| int
| main ()
| {
| if (sizeof ((_Bool)))
| 	    return 0;
|   ;
|   return 0;
| }
configure:4341: result: yes
configure:4356: checking for stdlib.h
configure:4356: result: yes
configure:4366: checking for GNU libc compatible malloc
configure:4390: gcc -o conftest.exe -g -O2   conftest.c  >&5
configure:4390: $? = 0
configure:4390: ./conftest.exe
configure:4390: $? = 0
configure:4400: result: yes
configure:4423: checking for stdlib.h
configure:4423: result: yes
configure:4433: checking for GNU libc compatible realloc
configure:4457: gcc -o conftest.exe -g -O2   conftest.c  >&5
configure:4457: $? = 0
configure:4457: ./conftest.exe
configure:4457: $? = 0
configure:4467: result: yes
configure:4491: checking for memset
configure:4491: gcc -o conftest.exe -g -O2   conftest.c  >&5
conftest.c:51:6: warning: conflicting types for built-in function 'memset'
 char memset ();
      ^
configure:4491: $? = 0
configure:4491: result: yes
configure:4491: checking for sqrt
configure:4491: gcc -o conftest.exe -g -O2   conftest.c  >&5
conftest.c:52:6: warning: conflicting types for built-in function 'sqrt'
 char sqrt ();
      ^
configure:4491: $? = 0
configure:4491: result: yes
configure:4491: checking for fabsf
configure:4491: gcc -o conftest.exe -g -O2   conftest.c  >&5
conftest.c:53:6: warning: conflicting types for built-in function 'fabsf'
 char fabsf ();
      ^
configure:4491: $? = 0
configure:4491: result: yes
configure:4491: checking for fseek
configure:4491: gcc -o conftest.exe -g -O2   conftest.c  >&5
configure:4491: $? = 0
configure:4491: result: yes
configure:4491: checking for ftell
configure:4491: gcc -o conftest.exe -g -O2   conftest.c  >&5
configure:4491: $? = 0
configure:4491: result: yes
configure:4491: checking for fgets
configure:4491: gcc -o conftest.exe -g -O2   conftest.c  >&5
configure:4491: $? = 0
configure:4491: result: yes
configure:4491: checking for strlen
configure:4491: gcc -o conftest.exe -g -O2   conftest.c  >&5
conftest.c:57:6: warning: conflicting types for built-in function 'strlen'
 char strlen ();
      ^
configure:4491: $? = 0
configure:4491: result: yes
configure:4491: checking for getopt_long
configure:4491: gcc -o conftest.exe -g -O2   conftest.c  >&5
configure:4491: $? = 0
configure:4491: result: yes
configure:4649: checking that generated files are newer than configure
configure:4655: result: done
configure:4678: creating ./config.status

## ---------------- ##
## Cache variables. ##
## ---------------- ##

ac_cv_c_compiler_gnu=yes
ac_cv_env_CC_set=
ac_cv_env_CC_value=
ac_cv_env_CFLAGS_set=
ac_cv_env_CFLAGS_value=
ac_cv_env_CPPFLAGS_set=
ac_cv_env_CPPFLAGS_value=
ac_cv_env_CPP_set=
ac_cv_env_CPP_value=
ac_cv_env_LDFLAGS_set=
ac_cv_env_LDFLAGS_value=
ac_cv_env_LIBS_set=
ac_cv_env_LIBS_value=
ac_cv_env_build_alias_set=
ac_cv_env_build_alias_value=
ac_cv_env_host_alias_set=
ac_cv_env_host_alias_value=
ac_cv_env_target_alias_set=
ac_cv_env_target_alias_value=
ac_cv_exeext=.exe
ac_cv_func_fabsf=yes
ac_cv_func_fgets=yes
ac_cv_func_fseek=yes
ac_cv_func_ftell=yes
ac_cv_func_getopt_long=yes
ac_cv_func_malloc_0_nonnull=yes
ac_cv_func_memset=yes
ac_cv_func_realloc_0_nonnull=yes
ac_cv_func_sqrt=yes
ac_cv_func_strlen=yes
ac_cv_header_inttypes_h=yes
ac_cv_header_memory_h=yes
ac_cv_header_stdbool_h=yes
ac_cv_header_stdc=yes
ac_cv_header_stdint_h=yes
ac_cv_header_stdlib_h=yes
ac_cv_header_string_h=yes
ac_cv_header_strings_h=yes
ac_cv_header_sys_stat_h=yes
ac_cv_header_sys_types_h=yes
ac_cv_header_unistd_h=yes
ac_cv_objext=o
ac_cv_path_EGREP='/usr/bin/grep -E'
ac_cv_path_GREP=/usr/bin/grep
ac_cv_path_install='/usr/bin/install -c'
ac_cv_path_mkdir=/usr/bin/mkdir
ac_cv_prog_AWK=gawk
ac_cv_prog_CPP='gcc -E'
ac_cv_prog_ac_ct_CC=gcc
ac_cv_prog_cc_c89=
ac_cv_prog_cc_g=yes
ac_cv_prog_make_make_set=yes
ac_cv_type__Bool=yes
am_cv_CC_dependencies_compiler_type=gcc3
am_cv_make_support_nested_variables=yes
am_cv_prog_cc_c_o=yes

## ----------------- ##
## Output variables. ##
## ----------------- ##

ACLOCAL='${SHELL} /home/m.hartman/Desktop/gcode_analyze/missing aclocal-1.14'
AMDEPBACKSLASH='\'
AMDEP_FALSE='#'
AMDEP_TRUE=''
AMTAR='$${TAR-tar}'
AM_BACKSLASH='\'
AM_DEFAULT_V='$(AM_DEFAULT_VERBOSITY)'
AM_DEFAULT_VERBOSITY='1'
AM_V='$(V)'
AUTOCONF='${SHELL} /home/m.hartman/Desktop/gcode_analyze/missing autoconf'
AUTOHEADER='${SHELL} /home/m.hartman/Desktop/gcode_analyze/missing autoheader'
AUTOMAKE='${SHELL} /home/m.hartman/Desktop/gcode_analyze/missing automake-1.14'
AWK='gawk'
CC='gcc'
CCDEPMODE='depmode=gcc3'
CFLAGS='-g -O2'
CPP='gcc -E'
CPPFLAGS=''
CYGPATH_W='cygpath -w'
DEFS='-DPACKAGE_NAME=\"gcode_analyze\" -DPACKAGE_TARNAME=\"gcode_analyze\" -DPACKAGE_VERSION=\"0.0.1\" -DPACKAGE_STRING=\"gcode_analyze\ 0.0.1\" -DPACKAGE_BUGREPORT=\"m.hartman@lpfrg.com\" -DPACKAGE_URL=\"\" -DPACKAGE=\"gcode_analyze\" -DVERSION=\"0.0.1\" -DSTDC_HEADERS=1 -DHAVE_SYS_TYPES_H=1 -DHAVE_SYS_STAT_H=1 -DHAVE_STDLIB_H=1 -DHAVE_STRING_H=1 -DHAVE_MEMORY_H=1 -DHAVE_STRINGS_H=1 -DHAVE_INTTYPES_H=1 -DHAVE_STDINT_H=1 -DHAVE_UNISTD_H=1 -DHAVE_STDLIB_H=1 -DHAVE_STRING_H=1 -DHAVE__BOOL=1 -DHAVE_STDLIB_H=1 -DHAVE_MALLOC=1 -DHAVE_STDLIB_H=1 -DHAVE_REALLOC=1 -DHAVE_MEMSET=1 -DHAVE_SQRT=1 -DHAVE_FABSF=1 -DHAVE_FSEEK=1 -DHAVE_FTELL=1 -DHAVE_FGETS=1 -DHAVE_STRLEN=1 -DHAVE_GETOPT_LONG=1'
DEPDIR='.deps'
ECHO_C=''
ECHO_N='-n'
ECHO_T=''
EGREP='/usr/bin/grep -E'
EXEEXT='.exe'
GREP='/usr/bin/grep'
INSTALL_DATA='${INSTALL} -m 644'
INSTALL_PROGRAM='${INSTALL}'
INSTALL_SCRIPT='${INSTALL}'
INSTALL_STRIP_PROGRAM='$(install_sh) -c -s'
LDFLAGS=''
LIBOBJS=''
LIBS=''
LTLIBOBJS=''
MAKEINFO='${SHELL} /home/m.hartman/Desktop/gcode_analyze/missing makeinfo'
MKDIR_P='/usr/bin/mkdir -p'
OBJEXT='o'
PACKAGE='gcode_analyze'
PACKAGE_BUGREPORT='m.hartman@lpfrg.com'
PACKAGE_NAME='gcode_analyze'
PACKAGE_STRING='gcode_analyze 0.0.1'
PACKAGE_TARNAME='gcode_analyze'
PACKAGE_URL=''
PACKAGE_VERSION='0.0.1'
PATH_SEPARATOR=':'
SET_MAKE=''
SHELL='/bin/sh'
STRIP=''
VERSION='0.0.1'
ac_ct_CC='gcc'
am__EXEEXT_FALSE='#'
am__EXEEXT_TRUE=''
am__fastdepCC_FALSE='#'
am__fastdepCC_TRUE=''
am__include='include'
am__isrc=''
am__leading_dot='.'
am__nodep='_no'
am__quote=''
am__tar='$${TAR-tar} chof - "$$tardir"'
am__untar='$${TAR-tar} xf -'
bindir='${exec_prefix}/bin'
build_alias=''
datadir='${datarootdir}'
datarootdir='${prefix}/share'
docdir='${datarootdir}/doc/${PACKAGE_TARNAME}'
dvidir='${docdir}'
exec_prefix='${prefix}'
host_alias=''
htmldir='${docdir}'
includedir='${prefix}/include'
infodir='${datarootdir}/info'
install_sh='${SHELL} /home/m.hartman/Desktop/gcode_analyze/install-sh'
libdir='${exec_prefix}/lib'
libexecdir='${exec_prefix}/libexec'
localedir='${datarootdir}/locale'
localstatedir='${prefix}/var'
mandir='${datarootdir}/man'
mkdir_p='$(MKDIR_P)'
oldincludedir='/usr/include'
pdfdir='${docdir}'
prefix='/usr/local'
program_transform_name='s,x,x,'
psdir='${docdir}'
sbindir='${exec_prefix}/sbin'
sharedstatedir='${prefix}/com'
sysconfdir='${prefix}/etc'
target_alias=''

## ----------- ##
## confdefs.h. ##
## ----------- ##

/* confdefs.h */
#define PACKAGE_NAME "gcode_analyze"
#define PACKAGE_TARNAME "gcode_analyze"
#define PACKAGE_VERSION "0.0.1"
#define PACKAGE_STRING "gcode_analyze 0.0.1"
#define PACKAGE_BUGREPORT "m.hartman@lpfrg.com"
#define PACKAGE_URL ""
#define PACKAGE "gcode_analyze"
#define VERSION "0.0.1"
#define STDC_HEADERS 1
#define HAVE_SYS_TYPES_H 1
#define HAVE_SYS_STAT_H 1
#define HAVE_STDLIB_H 1
#define HAVE_STRING_H 1
#define HAVE_MEMORY_H 1
#define HAVE_STRINGS_H 1
#define HAVE_INTTYPES_H 1
#define HAVE_STDINT_H 1
#define HAVE_UNISTD_H 1
#define HAVE_STDLIB_H 1
#define HAVE_STRING_H 1
#define HAVE__BOOL 1
#define HAVE_STDLIB_H 1
#define HAVE_MALLOC 1
#define HAVE_STDLIB_H 1
#define HAVE_REALLOC 1
#define HAVE_MEMSET 1
#define HAVE_SQRT 1
#define HAVE_FABSF 1
#define HAVE_FSEEK 1
#define HAVE_FTELL 1
#define HAVE_FGETS 1
#define HAVE_STRLEN 1
#define HAVE_GETOPT_LONG 1

configure: exit 0

## ---------------------- ##
## Running config.status. ##
## ---------------------- ##

This file was extended by gcode_analyze config.status 0.0.1, which was
generated by GNU Autoconf 2.69.  Invocation command line was

  CONFIG_FILES    = 
  CONFIG_HEADERS  = 
  CONFIG_LINKS    = 
  CONFIG_COMMANDS = 
  $ ./config.status 

on AV-PC92

config.status:780: creating Makefile
config.status:780: creating src/Makefile
config.status:780: creating test/Makefile
config.status:952: executing depfiles commands

## ---------------------- ##
## Running config.status. ##
## ---------------------- ##

This file was extended by gcode_analyze config.status 0.0.1, which was
generated by GNU Autoconf 2.69.  Invocation command line was

  CONFIG_FILES    = 
  CONFIG_HEADERS  = 
  CONFIG_LINKS    = 
  CONFIG_COMMANDS = 
  $ ./config.status src/Makefile depfiles

on AV-PC92

config.status:780: creating src/Makefile
config.status:952: executing depfiles commands
